Using pre-set license
Built from '2021.3/staging' branch; Version is '2021.3.4f1 (cb45f9cae8b7) revision 13321721'; Using compiler version '192829333'; Build Type 'Release'
OS: 'Windows 10  (10.0.19044) 64bit Core' Language: 'en' Physical Memory: 14188 MB
BatchMode: 1, IsHumanControllingUs: 0, StartBugReporterOnCrash: 0, Is64bit: 1, IsPro: 1

COMMAND LINE ARGUMENTS:
C:\Program Files\Unity\Hub\Editor\2021.3.4f1\Editor\Unity.exe
-adb2
-batchMode
-noUpm
-name
AssetImportWorker2
-projectPath
C:/Users/marcu/Pokemon
-logFile
Logs/AssetImportWorker2.log
-srvPort
52648
Successfully changed project path to: C:/Users/marcu/Pokemon
C:/Users/marcu/Pokemon
[UnityMemory] Configuration Parameters - Can be set up in boot.config
    "memorysetup-bucket-allocator-granularity=16"
    "memorysetup-bucket-allocator-bucket-count=8"
    "memorysetup-bucket-allocator-block-size=33554432"
    "memorysetup-bucket-allocator-block-count=8"
    "memorysetup-main-allocator-block-size=16777216"
    "memorysetup-thread-allocator-block-size=16777216"
    "memorysetup-gfx-main-allocator-block-size=16777216"
    "memorysetup-gfx-thread-allocator-block-size=16777216"
    "memorysetup-cache-allocator-block-size=4194304"
    "memorysetup-typetree-allocator-block-size=2097152"
    "memorysetup-profiler-bucket-allocator-granularity=16"
    "memorysetup-profiler-bucket-allocator-bucket-count=8"
    "memorysetup-profiler-bucket-allocator-block-size=33554432"
    "memorysetup-profiler-bucket-allocator-block-count=8"
    "memorysetup-profiler-allocator-block-size=16777216"
    "memorysetup-profiler-editor-allocator-block-size=1048576"
    "memorysetup-temp-allocator-size-main=16777216"
    "memorysetup-job-temp-allocator-block-size=2097152"
    "memorysetup-job-temp-allocator-block-size-background=1048576"
    "memorysetup-job-temp-allocator-reduction-small-platforms=262144"
    "memorysetup-temp-allocator-size-background-worker=32768"
    "memorysetup-temp-allocator-size-job-worker=262144"
    "memorysetup-temp-allocator-size-preload-manager=33554432"
    "memorysetup-temp-allocator-size-nav-mesh-worker=65536"
    "memorysetup-temp-allocator-size-audio-worker=65536"
    "memorysetup-temp-allocator-size-cloud-worker=32768"
    "memorysetup-temp-allocator-size-gi-baking-worker=262144"
    "memorysetup-temp-allocator-size-gfx=262144"
Refreshing native plugins compatible for Editor in 86.52 ms, found 4 plugins.
Preloading 0 native plugins for Editor in 0.00 ms.
Initialize engine version: 2021.3.4f1 (cb45f9cae8b7)
[Subsystems] Discovering subsystems at path C:/Program Files/Unity/Hub/Editor/2021.3.4f1/Editor/Data/Resources/UnitySubsystems
[Subsystems] Discovering subsystems at path C:/Users/marcu/Pokemon/Assets
GfxDevice: creating device client; threaded=0; jobified=0
Direct3D:
    Version:  Direct3D 11.0 [level 11.1]
    Renderer: NVIDIA GeForce RTX 3060 Laptop GPU (ID=0x2560)
    Vendor:   NVIDIA
    VRAM:     6023 MB
    Driver:   30.0.15.1295
Initialize mono
Mono path[0] = 'C:/Program Files/Unity/Hub/Editor/2021.3.4f1/Editor/Data/Managed'
Mono path[1] = 'C:/Program Files/Unity/Hub/Editor/2021.3.4f1/Editor/Data/MonoBleedingEdge/lib/mono/unityjit-win32'
Mono config path = 'C:/Program Files/Unity/Hub/Editor/2021.3.4f1/Editor/Data/MonoBleedingEdge/etc'
Using monoOptions --debugger-agent=transport=dt_socket,embedding=1,server=y,suspend=n,address=127.0.0.1:56692
Begin MonoManager ReloadAssembly
Registering precompiled unity dll's ...
Register platform support module: C:/Program Files/Unity/Hub/Editor/2021.3.4f1/Editor/Data/PlaybackEngines/WebGLSupport/UnityEditor.WebGL.Extensions.dll
Register platform support module: C:/Program Files/Unity/Hub/Editor/2021.3.4f1/Editor/Data/PlaybackEngines/WindowsStandaloneSupport/UnityEditor.WindowsStandalone.Extensions.dll
Registered in 0.007959 seconds.
Native extension for WindowsStandalone target not found
Native extension for WebGL target not found
Refreshing native plugins compatible for Editor in 84.65 ms, found 4 plugins.
Preloading 0 native plugins for Editor in 0.00 ms.
Mono: successfully reloaded assembly
- Completed reload, in  0.553 seconds
Domain Reload Profiling:
	ReloadAssembly (554ms)
		BeginReloadAssembly (67ms)
			ExecutionOrderSort (0ms)
			DisableScriptedObjects (0ms)
			BackupInstance (0ms)
			ReleaseScriptingObjects (0ms)
			CreateAndSetChildDomain (1ms)
		EndReloadAssembly (393ms)
			LoadAssemblies (65ms)
			RebuildTransferFunctionScriptingTraits (0ms)
			SetupTypeCache (78ms)
			ReleaseScriptCaches (0ms)
			RebuildScriptCaches (23ms)
			SetupLoadedEditorAssemblies (248ms)
				LogAssemblyErrors (0ms)
				InitializePlatformSupportModulesInManaged (9ms)
				SetLoadedEditorAssemblies (0ms)
				RefreshPlugins (85ms)
				BeforeProcessingInitializeOnLoad (1ms)
				ProcessInitializeOnLoadAttributes (116ms)
				ProcessInitializeOnLoadMethodAttributes (37ms)
				AfterProcessingInitializeOnLoad (0ms)
				EditorAssembliesLoaded (0ms)
			ExecutionOrderSort2 (0ms)
			AwakeInstancesAfterBackupRestoration (0ms)
Platform modules already initialized, skipping
Registering precompiled user dll's ...
Registered in 0.007509 seconds.
Begin MonoManager ReloadAssembly
Symbol file LoadedFromMemory doesn't match image C:\Users\marcu\Pokemon\Library\PackageCache\com.unity.visualscripting@1.7.8\Editor\VisualScripting.Core\Dependencies\YamlDotNet\Unity.VisualScripting.YamlDotNet.dll
Symbol file LoadedFromMemory doesn't match image C:\Users\marcu\Pokemon\Library\PackageCache\com.unity.visualscripting@1.7.8\Editor\VisualScripting.Core\Dependencies\DotNetZip\Unity.VisualScripting.IonicZip.dll
Native extension for WindowsStandalone target not found
Native extension for WebGL target not found
Refreshing native plugins compatible for Editor in 83.12 ms, found 4 plugins.
Preloading 0 native plugins for Editor in 0.00 ms.
Mono: successfully reloaded assembly
- Completed reload, in  0.974 seconds
Domain Reload Profiling:
	ReloadAssembly (975ms)
		BeginReloadAssembly (98ms)
			ExecutionOrderSort (0ms)
			DisableScriptedObjects (5ms)
			BackupInstance (0ms)
			ReleaseScriptingObjects (0ms)
			CreateAndSetChildDomain (18ms)
		EndReloadAssembly (784ms)
			LoadAssemblies (77ms)
			RebuildTransferFunctionScriptingTraits (0ms)
			SetupTypeCache (179ms)
			ReleaseScriptCaches (1ms)
			RebuildScriptCaches (48ms)
			SetupLoadedEditorAssemblies (442ms)
				LogAssemblyErrors (0ms)
				InitializePlatformSupportModulesInManaged (6ms)
				SetLoadedEditorAssemblies (0ms)
				RefreshPlugins (83ms)
				BeforeProcessingInitializeOnLoad (95ms)
				ProcessInitializeOnLoadAttributes (213ms)
				ProcessInitializeOnLoadMethodAttributes (38ms)
				AfterProcessingInitializeOnLoad (8ms)
				EditorAssembliesLoaded (0ms)
			ExecutionOrderSort2 (0ms)
			AwakeInstancesAfterBackupRestoration (5ms)
Platform modules already initialized, skipping
========================================================================
Worker process is ready to serve import requests
Launched and connected shader compiler UnityShaderCompiler.exe after 0.05 seconds
Refreshing native plugins compatible for Editor in 0.93 ms, found 4 plugins.
Preloading 0 native plugins for Editor in 0.00 ms.
Unloading 4083 Unused Serialized files (Serialized files now loaded: 0)
Unloading 40 unused Assets / (55.4 KB). Loaded Objects now: 4542.
Memory consumption went from 151.6 MB to 151.6 MB.
Total: 3.057700 ms (FindLiveObjects: 0.274400 ms CreateObjectMapping: 0.121700 ms MarkObjects: 2.596200 ms  DeleteObjects: 0.064600 ms)

AssetImportParameters requested are different than current active one (requested -> active):
  custom:video-decoder-ogg-theora: a1e56fd34408186e4bbccfd4996cb3dc -> 
  custom:container-muxer-webm: aa71ff27fc2769a1b78a27578f13a17b -> 
  custom:container-demuxer-webm: 4f35f7cbe854078d1ac9338744f61a02 -> 
  custom:video-encoder-webm-vp8: eb34c28f22e8b96e1ab97ce403110664 -> 
  custom:video-codec-MediaFoundation-h265: 746d11721c4dcdbdad8f713fa42b33f4 -> 
  custom:audio-encoder-webm-vorbis: bf7c407c2cedff20999df2af8eb42d56 -> 
  custom:framework-win-MediaFoundation: 216162199b28c13a410421893ffa2e32 -> 
  custom:container-demuxer-ogg: 62fdf1f143b41e24485cea50d1cbac27 -> 
  custom:video-decoder-webm-vp8: 9c59270c3fd7afecdb556c50c9e8de78 -> 
  custom:audio-decoder-ogg-vorbis: bf7c407c2cedff20999df2af8eb42d56 -> 
========================================================================
Received Import Request.
  Time since last request: 72367.996526 seconds.
  path: Assets/Game/Resources/Moves/Poison Powder.asset
  artifactKey: Guid(59429fcdb42014b4bb1f681c06f20036) Importer(815301076,1909f56bfc062723c751e8b465ee728b)
Start importing Assets/Game/Resources/Moves/Poison Powder.asset using Guid(59429fcdb42014b4bb1f681c06f20036) Importer(815301076,1909f56bfc062723c751e8b465ee728b)  -> (artifact id: '8f6cec914b01581ad771eeb906a319d4') in 0.031119 seconds 
========================================================================
Received Import Request.
  Time since last request: 6.927262 seconds.
  path: Assets/Game/Resources/Moves/Poison Powder.asset
  artifactKey: Guid(59429fcdb42014b4bb1f681c06f20036) Importer(815301076,1909f56bfc062723c751e8b465ee728b)
Start importing Assets/Game/Resources/Moves/Poison Powder.asset using Guid(59429fcdb42014b4bb1f681c06f20036) Importer(815301076,1909f56bfc062723c751e8b465ee728b)  -> (artifact id: 'da12f18ed307c640bc1647d13cbfb8c5') in 0.005125 seconds 
========================================================================
Received Import Request.
  Time since last request: 58.178302 seconds.
  path: Assets/Game/Resources/Pokemons/Squirtle.asset
  artifactKey: Guid(118f3fbd6b0d3194384641b44b505451) Importer(815301076,1909f56bfc062723c751e8b465ee728b)
Start importing Assets/Game/Resources/Pokemons/Squirtle.asset using Guid(118f3fbd6b0d3194384641b44b505451) Importer(815301076,1909f56bfc062723c751e8b465ee728b)  -> (artifact id: '6cb1d74f4471f0ab77696e264e0574fb') in 0.008997 seconds 
========================================================================
Received Import Request.
  Time since last request: 6.282891 seconds.
  path: Assets/Game/Resources/Pokemons/Pokemon.asset
  artifactKey: Guid(379999d194f40ec4c92e2496e2d4fc05) Importer(815301076,1909f56bfc062723c751e8b465ee728b)
Start importing Assets/Game/Resources/Pokemons/Pokemon.asset using Guid(379999d194f40ec4c92e2496e2d4fc05) Importer(815301076,1909f56bfc062723c751e8b465ee728b)  -> (artifact id: '12c6d54fcaf539803cdc80086eea5cd9') in 0.008778 seconds 
========================================================================
Received Import Request.
  Time since last request: 7.615792 seconds.
  path: Assets/Game/Resources/Pokemons/Pidgey.asset
  artifactKey: Guid(379999d194f40ec4c92e2496e2d4fc05) Importer(815301076,1909f56bfc062723c751e8b465ee728b)
Start importing Assets/Game/Resources/Pokemons/Pidgey.asset using Guid(379999d194f40ec4c92e2496e2d4fc05) Importer(815301076,1909f56bfc062723c751e8b465ee728b)  -> (artifact id: '06b7e657c42facc19bf7cda72c7ee3df') in 0.005158 seconds 
========================================================================
Received Import Request.
  Time since last request: 7.031409 seconds.
  path: Assets/Game/Resources/Pokemons/Pikachu.asset
  artifactKey: Guid(1b3d745213ae71041868288d476e6273) Importer(815301076,1909f56bfc062723c751e8b465ee728b)
Start importing Assets/Game/Resources/Pokemons/Pikachu.asset using Guid(1b3d745213ae71041868288d476e6273) Importer(815301076,1909f56bfc062723c751e8b465ee728b)  -> (artifact id: '5706439eccb494a0c42d1be5551c8c0e') in 0.005227 seconds 
========================================================================
Received Import Request.
  Time since last request: 13.011051 seconds.
  path: Assets/Game/Resources/Pokemons/Butterfree.asset
  artifactKey: Guid(c06d02f45b6fc7545b137b9760700440) Importer(815301076,1909f56bfc062723c751e8b465ee728b)
Start importing Assets/Game/Resources/Pokemons/Butterfree.asset using Guid(c06d02f45b6fc7545b137b9760700440) Importer(815301076,1909f56bfc062723c751e8b465ee728b)  -> (artifact id: 'b0e889e4069a5713e60d7524a4969917') in 0.006188 seconds 
========================================================================
Received Import Request.
  Time since last request: 21.140565 seconds.
  path: Assets/Game/Resources/Pokemons/Jigglypuff.asset
  artifactKey: Guid(72e14ee7b2f736740868fe4b5de6e463) Importer(815301076,1909f56bfc062723c751e8b465ee728b)
Start importing Assets/Game/Resources/Pokemons/Jigglypuff.asset using Guid(72e14ee7b2f736740868fe4b5de6e463) Importer(815301076,1909f56bfc062723c751e8b465ee728b)  -> (artifact id: '043e5c00b9c9212edb23f4ba8abfd981') in 0.006221 seconds 
========================================================================
Received Import Request.
  Time since last request: 11.665858 seconds.
  path: Assets/Art/UI/arrow.png
  artifactKey: Guid(38303bfc8aeade641899258ed4ba1545) Importer(815301076,1909f56bfc062723c751e8b465ee728b)
Start importing Assets/Art/UI/arrow.png using Guid(38303bfc8aeade641899258ed4ba1545) Importer(815301076,1909f56bfc062723c751e8b465ee728b)  -> (artifact id: '9ea56e6ca2bc325a045f4615f205c2b3') in 0.069873 seconds 
========================================================================
Received Import Request.
  Time since last request: 2.939436 seconds.
  path: Assets/Art/gfx/basic_colors.png
  artifactKey: Guid(5b4748d29ab78034da5d396cdc9bb341) Importer(815301076,1909f56bfc062723c751e8b465ee728b)
Start importing Assets/Art/gfx/basic_colors.png using Guid(5b4748d29ab78034da5d396cdc9bb341) Importer(815301076,1909f56bfc062723c751e8b465ee728b)  -> (artifact id: 'a52f72055de7c3fc32d07f98c9b9867e') in 0.020272 seconds 
========================================================================
Received Import Request.
  Time since last request: 1.372055 seconds.
  path: Assets/Art/Trianers/Brendan_Back.png
  artifactKey: Guid(a9c09e6dc7cf54b43bf0f8acad8ce1b9) Importer(815301076,1909f56bfc062723c751e8b465ee728b)
Start importing Assets/Art/Trianers/Brendan_Back.png using Guid(a9c09e6dc7cf54b43bf0f8acad8ce1b9) Importer(815301076,1909f56bfc062723c751e8b465ee728b)  -> (artifact id: 'c67318e3714966d60510202bde14e4cf') in 0.018143 seconds 
========================================================================
Received Import Request.
  Time since last request: 0.023913 seconds.
  path: Assets/Art/gfx/cave.png
  artifactKey: Guid(7a226a989b1bda7439086c5777172e91) Importer(815301076,1909f56bfc062723c751e8b465ee728b)
Start importing Assets/Art/gfx/cave.png using Guid(7a226a989b1bda7439086c5777172e91) Importer(815301076,1909f56bfc062723c751e8b465ee728b)  -> (artifact id: 'daba893cb06793603f68558846795ed6') in 0.033809 seconds 
========================================================================
Received Import Request.
  Time since last request: 5.665705 seconds.
  path: Assets/Art/Trianers/CoolTrainer_M.png
  artifactKey: Guid(b5c0c0137e26c95419fcc8a29177c890) Importer(815301076,1909f56bfc062723c751e8b465ee728b)
Start importing Assets/Art/Trianers/CoolTrainer_M.png using Guid(b5c0c0137e26c95419fcc8a29177c890) Importer(815301076,1909f56bfc062723c751e8b465ee728b)  -> (artifact id: 'ba232138be959299b23934998051c4bb') in 0.029941 seconds 
========================================================================
Received Import Request.
  Time since last request: 0.000025 seconds.
  path: Assets/Art/gfx/font.png
  artifactKey: Guid(b8cbe706126619d40903c50fb9d63dd1) Importer(815301076,1909f56bfc062723c751e8b465ee728b)
Start importing Assets/Art/gfx/font.png using Guid(b8cbe706126619d40903c50fb9d63dd1) Importer(815301076,1909f56bfc062723c751e8b465ee728b)  -> (artifact id: 'd48496139536f75a0a3b1e9b1dac8602') in 0.035724 seconds 
========================================================================
Received Import Request.
  Time since last request: 0.214035 seconds.
  path: Assets/Art/gfx/Inner.png
  artifactKey: Guid(457d1ade8f441be428fdc1c3ed0912ce) Importer(815301076,1909f56bfc062723c751e8b465ee728b)
Start importing Assets/Art/gfx/Inner.png using Guid(457d1ade8f441be428fdc1c3ed0912ce) Importer(815301076,1909f56bfc062723c751e8b465ee728b)  -> (artifact id: 'a36a1bf7740d37a6271f4e053dc42bdd') in 0.031938 seconds 
========================================================================
Received Import Request.
  Time since last request: 0.000021 seconds.
  path: Assets/Art/gfx/NPC_test.png
  artifactKey: Guid(233ed2c3c57795e428932b6a36398fec) Importer(815301076,1909f56bfc062723c751e8b465ee728b)
Start importing Assets/Art/gfx/NPC_test.png using Guid(233ed2c3c57795e428932b6a36398fec) Importer(815301076,1909f56bfc062723c751e8b465ee728b)  -> (artifact id: 'e1ff33f52d4e654c6236df40d3353884') in 0.046524 seconds 
========================================================================
Received Import Request.
  Time since last request: 0.000021 seconds.
  path: Assets/Art/gfx/objects.png
  artifactKey: Guid(3ae12697ae504414bbf0797ea36dfddd) Importer(815301076,1909f56bfc062723c751e8b465ee728b)
Start importing Assets/Art/gfx/objects.png using Guid(3ae12697ae504414bbf0797ea36dfddd) Importer(815301076,1909f56bfc062723c751e8b465ee728b)  -> (artifact id: 'fbaacb414907cdc88a9fd71f2180c1b8') in 0.030084 seconds 
Editor requested this worker to shutdown with reason: Scaling down because of idle timeout
AssetImportWorker is now disconnected from the server
Process exiting
Exiting without the bug reporter. Application will terminate with return code 0