Using pre-set license
Built from '2021.3/staging' branch; Version is '2021.3.4f1 (cb45f9cae8b7) revision 13321721'; Using compiler version '192829333'; Build Type 'Release'
OS: 'Windows 10  (10.0.19044) 64bit Core' Language: 'en' Physical Memory: 14188 MB
BatchMode: 1, IsHumanControllingUs: 0, StartBugReporterOnCrash: 0, Is64bit: 1, IsPro: 1

COMMAND LINE ARGUMENTS:
C:\Program Files\Unity\Hub\Editor\2021.3.4f1\Editor\Unity.exe
-adb2
-batchMode
-noUpm
-name
AssetImportWorker5
-projectPath
C:/Users/marcu/Pokemon
-logFile
Logs/AssetImportWorker5.log
-srvPort
52648
Successfully changed project path to: C:/Users/marcu/Pokemon
C:/Users/marcu/Pokemon
[UnityMemory] Configuration Parameters - Can be set up in boot.config
    "memorysetup-bucket-allocator-granularity=16"
    "memorysetup-bucket-allocator-bucket-count=8"
    "memorysetup-bucket-allocator-block-size=33554432"
    "memorysetup-bucket-allocator-block-count=8"
    "memorysetup-main-allocator-block-size=16777216"
    "memorysetup-thread-allocator-block-size=16777216"
    "memorysetup-gfx-main-allocator-block-size=16777216"
    "memorysetup-gfx-thread-allocator-block-size=16777216"
    "memorysetup-cache-allocator-block-size=4194304"
    "memorysetup-typetree-allocator-block-size=2097152"
    "memorysetup-profiler-bucket-allocator-granularity=16"
    "memorysetup-profiler-bucket-allocator-bucket-count=8"
    "memorysetup-profiler-bucket-allocator-block-size=33554432"
    "memorysetup-profiler-bucket-allocator-block-count=8"
    "memorysetup-profiler-allocator-block-size=16777216"
    "memorysetup-profiler-editor-allocator-block-size=1048576"
    "memorysetup-temp-allocator-size-main=16777216"
    "memorysetup-job-temp-allocator-block-size=2097152"
    "memorysetup-job-temp-allocator-block-size-background=1048576"
    "memorysetup-job-temp-allocator-reduction-small-platforms=262144"
    "memorysetup-temp-allocator-size-background-worker=32768"
    "memorysetup-temp-allocator-size-job-worker=262144"
    "memorysetup-temp-allocator-size-preload-manager=33554432"
    "memorysetup-temp-allocator-size-nav-mesh-worker=65536"
    "memorysetup-temp-allocator-size-audio-worker=65536"
    "memorysetup-temp-allocator-size-cloud-worker=32768"
    "memorysetup-temp-allocator-size-gi-baking-worker=262144"
    "memorysetup-temp-allocator-size-gfx=262144"
Refreshing native plugins compatible for Editor in 110.62 ms, found 4 plugins.
Preloading 0 native plugins for Editor in 0.00 ms.
Initialize engine version: 2021.3.4f1 (cb45f9cae8b7)
[Subsystems] Discovering subsystems at path C:/Program Files/Unity/Hub/Editor/2021.3.4f1/Editor/Data/Resources/UnitySubsystems
[Subsystems] Discovering subsystems at path C:/Users/marcu/Pokemon/Assets
GfxDevice: creating device client; threaded=0; jobified=0
Direct3D:
    Version:  Direct3D 11.0 [level 11.1]
    Renderer: NVIDIA GeForce RTX 3060 Laptop GPU (ID=0x2560)
    Vendor:   NVIDIA
    VRAM:     6023 MB
    Driver:   30.0.15.1295
Initialize mono
Mono path[0] = 'C:/Program Files/Unity/Hub/Editor/2021.3.4f1/Editor/Data/Managed'
Mono path[1] = 'C:/Program Files/Unity/Hub/Editor/2021.3.4f1/Editor/Data/MonoBleedingEdge/lib/mono/unityjit-win32'
Mono config path = 'C:/Program Files/Unity/Hub/Editor/2021.3.4f1/Editor/Data/MonoBleedingEdge/etc'
Using monoOptions --debugger-agent=transport=dt_socket,embedding=1,server=y,suspend=n,address=127.0.0.1:56320
Begin MonoManager ReloadAssembly
Registering precompiled unity dll's ...
Register platform support module: C:/Program Files/Unity/Hub/Editor/2021.3.4f1/Editor/Data/PlaybackEngines/WebGLSupport/UnityEditor.WebGL.Extensions.dll
Register platform support module: C:/Program Files/Unity/Hub/Editor/2021.3.4f1/Editor/Data/PlaybackEngines/WindowsStandaloneSupport/UnityEditor.WindowsStandalone.Extensions.dll
Registered in 0.007872 seconds.
Native extension for WindowsStandalone target not found
Native extension for WebGL target not found
Refreshing native plugins compatible for Editor in 88.17 ms, found 4 plugins.
Preloading 0 native plugins for Editor in 0.00 ms.
Mono: successfully reloaded assembly
- Completed reload, in  0.568 seconds
Domain Reload Profiling:
	ReloadAssembly (568ms)
		BeginReloadAssembly (67ms)
			ExecutionOrderSort (0ms)
			DisableScriptedObjects (0ms)
			BackupInstance (0ms)
			ReleaseScriptingObjects (0ms)
			CreateAndSetChildDomain (1ms)
		EndReloadAssembly (408ms)
			LoadAssemblies (65ms)
			RebuildTransferFunctionScriptingTraits (0ms)
			SetupTypeCache (79ms)
			ReleaseScriptCaches (0ms)
			RebuildScriptCaches (24ms)
			SetupLoadedEditorAssemblies (260ms)
				LogAssemblyErrors (0ms)
				InitializePlatformSupportModulesInManaged (9ms)
				SetLoadedEditorAssemblies (0ms)
				RefreshPlugins (88ms)
				BeforeProcessingInitializeOnLoad (1ms)
				ProcessInitializeOnLoadAttributes (122ms)
				ProcessInitializeOnLoadMethodAttributes (40ms)
				AfterProcessingInitializeOnLoad (0ms)
				EditorAssembliesLoaded (0ms)
			ExecutionOrderSort2 (0ms)
			AwakeInstancesAfterBackupRestoration (0ms)
Platform modules already initialized, skipping
Registering precompiled user dll's ...
Registered in 0.009602 seconds.
Begin MonoManager ReloadAssembly
Symbol file LoadedFromMemory doesn't match image C:\Users\marcu\Pokemon\Library\PackageCache\com.unity.visualscripting@1.7.8\Editor\VisualScripting.Core\Dependencies\YamlDotNet\Unity.VisualScripting.YamlDotNet.dll
Symbol file LoadedFromMemory doesn't match image C:\Users\marcu\Pokemon\Library\PackageCache\com.unity.visualscripting@1.7.8\Editor\VisualScripting.Core\Dependencies\DotNetZip\Unity.VisualScripting.IonicZip.dll
Native extension for WindowsStandalone target not found
Native extension for WebGL target not found
Refreshing native plugins compatible for Editor in 87.93 ms, found 4 plugins.
Preloading 0 native plugins for Editor in 0.00 ms.
Mono: successfully reloaded assembly
- Completed reload, in  1.057 seconds
Domain Reload Profiling:
	ReloadAssembly (1058ms)
		BeginReloadAssembly (103ms)
			ExecutionOrderSort (0ms)
			DisableScriptedObjects (5ms)
			BackupInstance (0ms)
			ReleaseScriptingObjects (0ms)
			CreateAndSetChildDomain (19ms)
		EndReloadAssembly (852ms)
			LoadAssemblies (86ms)
			RebuildTransferFunctionScriptingTraits (0ms)
			SetupTypeCache (208ms)
			ReleaseScriptCaches (1ms)
			RebuildScriptCaches (50ms)
			SetupLoadedEditorAssemblies (470ms)
				LogAssemblyErrors (0ms)
				InitializePlatformSupportModulesInManaged (6ms)
				SetLoadedEditorAssemblies (0ms)
				RefreshPlugins (88ms)
				BeforeProcessingInitializeOnLoad (99ms)
				ProcessInitializeOnLoadAttributes (229ms)
				ProcessInitializeOnLoadMethodAttributes (39ms)
				AfterProcessingInitializeOnLoad (9ms)
				EditorAssembliesLoaded (0ms)
			ExecutionOrderSort2 (0ms)
			AwakeInstancesAfterBackupRestoration (5ms)
Platform modules already initialized, skipping
========================================================================
Worker process is ready to serve import requests
Launched and connected shader compiler UnityShaderCompiler.exe after 0.07 seconds
Refreshing native plugins compatible for Editor in 1.32 ms, found 4 plugins.
Preloading 0 native plugins for Editor in 0.00 ms.
Unloading 4083 Unused Serialized files (Serialized files now loaded: 0)
Unloading 40 unused Assets / (55.4 KB). Loaded Objects now: 4542.
Memory consumption went from 151.7 MB to 151.6 MB.
Total: 3.142600 ms (FindLiveObjects: 0.320900 ms CreateObjectMapping: 0.118200 ms MarkObjects: 2.644200 ms  DeleteObjects: 0.058700 ms)

AssetImportParameters requested are different than current active one (requested -> active):
  custom:video-decoder-ogg-theora: a1e56fd34408186e4bbccfd4996cb3dc -> 
  custom:container-muxer-webm: aa71ff27fc2769a1b78a27578f13a17b -> 
  custom:container-demuxer-webm: 4f35f7cbe854078d1ac9338744f61a02 -> 
  custom:video-encoder-webm-vp8: eb34c28f22e8b96e1ab97ce403110664 -> 
  custom:video-codec-MediaFoundation-h265: 746d11721c4dcdbdad8f713fa42b33f4 -> 
  custom:audio-encoder-webm-vorbis: bf7c407c2cedff20999df2af8eb42d56 -> 
  custom:framework-win-MediaFoundation: 216162199b28c13a410421893ffa2e32 -> 
  custom:container-demuxer-ogg: 62fdf1f143b41e24485cea50d1cbac27 -> 
  custom:video-decoder-webm-vp8: 9c59270c3fd7afecdb556c50c9e8de78 -> 
  custom:audio-decoder-ogg-vorbis: bf7c407c2cedff20999df2af8eb42d56 -> 
========================================================================
Received Import Request.
  Time since last request: 73507.758058 seconds.
  path: Assets/Art/Pokemons/Back/2.png
  artifactKey: Guid(653a6fe1d97188644a3747cd5e674bc4) Importer(815301076,1909f56bfc062723c751e8b465ee728b)
Start importing Assets/Art/Pokemons/Back/2.png using Guid(653a6fe1d97188644a3747cd5e674bc4) Importer(815301076,1909f56bfc062723c751e8b465ee728b)  -> (artifact id: '4fbd479c9f580358ba200ca305255d86') in 0.108525 seconds 
========================================================================
Received Import Request.
  Time since last request: 0.000033 seconds.
  path: Assets/Art/Pokemons/Back/10.png
  artifactKey: Guid(1e14fbffdf392e242beed59eb5e63c80) Importer(815301076,1909f56bfc062723c751e8b465ee728b)
Start importing Assets/Art/Pokemons/Back/10.png using Guid(1e14fbffdf392e242beed59eb5e63c80) Importer(815301076,1909f56bfc062723c751e8b465ee728b)  -> (artifact id: '5e55d4cfa565883b70c50446a6abe3bc') in 0.027139 seconds 
========================================================================
Received Import Request.
  Time since last request: 0.000034 seconds.
  path: Assets/Art/Pokemons/Back/4.png
  artifactKey: Guid(ed8e1d9976a1fd94d961840d8f6e7764) Importer(815301076,1909f56bfc062723c751e8b465ee728b)
Start importing Assets/Art/Pokemons/Back/4.png using Guid(ed8e1d9976a1fd94d961840d8f6e7764) Importer(815301076,1909f56bfc062723c751e8b465ee728b)  -> (artifact id: '4b7ffa66b4b112e301cbb0b2d1761e80') in 0.047619 seconds 
========================================================================
Received Import Request.
  Time since last request: 0.000044 seconds.
  path: Assets/Art/Pokemons/Back/28.png
  artifactKey: Guid(e532be7563d710c4cb961549e287be52) Importer(815301076,1909f56bfc062723c751e8b465ee728b)
Start importing Assets/Art/Pokemons/Back/28.png using Guid(e532be7563d710c4cb961549e287be52) Importer(815301076,1909f56bfc062723c751e8b465ee728b)  -> (artifact id: 'ebc2cc3ea38d8b8f27d37c615f2540b3') in 0.017739 seconds 
========================================================================
Received Import Request.
  Time since last request: 0.000044 seconds.
  path: Assets/Art/Pokemons/Back/6.png
  artifactKey: Guid(4e7023cd378451d4d80b1c653bb62ff7) Importer(815301076,1909f56bfc062723c751e8b465ee728b)
Start importing Assets/Art/Pokemons/Back/6.png using Guid(4e7023cd378451d4d80b1c653bb62ff7) Importer(815301076,1909f56bfc062723c751e8b465ee728b)  -> (artifact id: 'ab5d628089c32fea40e18fc8abd45f32') in 0.015637 seconds 
========================================================================
Received Import Request.
  Time since last request: 0.000023 seconds.
  path: Assets/Art/Pokemons/Back/24.png
  artifactKey: Guid(9186645be53e3ad429458d0e3c40f4c3) Importer(815301076,1909f56bfc062723c751e8b465ee728b)
Start importing Assets/Art/Pokemons/Back/24.png using Guid(9186645be53e3ad429458d0e3c40f4c3) Importer(815301076,1909f56bfc062723c751e8b465ee728b)  -> (artifact id: 'e9b819168fdbe95bb9c669da92ae4f82') in 0.016006 seconds 
========================================================================
Received Import Request.
  Time since last request: 0.000023 seconds.
  path: Assets/Art/Pokemons/Back/23.png
  artifactKey: Guid(fe95cc490e152514290f32a2718d4068) Importer(815301076,1909f56bfc062723c751e8b465ee728b)
Start importing Assets/Art/Pokemons/Back/23.png using Guid(fe95cc490e152514290f32a2718d4068) Importer(815301076,1909f56bfc062723c751e8b465ee728b)  -> (artifact id: 'ab2fc248cfd56b03e0cbe8453b018073') in 0.016728 seconds 
========================================================================
Received Import Request.
  Time since last request: 0.000025 seconds.
  path: Assets/Art/Pokemons/Back/19.png
  artifactKey: Guid(d958658820aed3448b315b57a7348e75) Importer(815301076,1909f56bfc062723c751e8b465ee728b)
Start importing Assets/Art/Pokemons/Back/19.png using Guid(d958658820aed3448b315b57a7348e75) Importer(815301076,1909f56bfc062723c751e8b465ee728b)  -> (artifact id: 'eba69cc56c6bb493d5b7c5e35f8e2696') in 0.018293 seconds 
========================================================================
Received Import Request.
  Time since last request: 0.000036 seconds.
  path: Assets/Art/Pokemons/Back/3.png
  artifactKey: Guid(4ad46572811440e479a498ba4754f89d) Importer(815301076,1909f56bfc062723c751e8b465ee728b)
Start importing Assets/Art/Pokemons/Back/3.png using Guid(4ad46572811440e479a498ba4754f89d) Importer(815301076,1909f56bfc062723c751e8b465ee728b)  -> (artifact id: 'e3574b829e6a2321af4df8bb9acff109') in 0.020602 seconds 
========================================================================
Received Import Request.
  Time since last request: 0.000034 seconds.
  path: Assets/Art/Pokemons/Back/7.png
  artifactKey: Guid(18fc6e8e3f72b154fba88f358748be28) Importer(815301076,1909f56bfc062723c751e8b465ee728b)
Start importing Assets/Art/Pokemons/Back/7.png using Guid(18fc6e8e3f72b154fba88f358748be28) Importer(815301076,1909f56bfc062723c751e8b465ee728b)  -> (artifact id: '86aaca0d260119dc0f4d04f491db7ab9') in 0.020102 seconds 
========================================================================
Received Import Request.
  Time since last request: 0.000040 seconds.
  path: Assets/Art/Pokemons/Back/31.png
  artifactKey: Guid(21dbb3aabef1858499fb4fb9a4cf3cc3) Importer(815301076,1909f56bfc062723c751e8b465ee728b)
Start importing Assets/Art/Pokemons/Back/31.png using Guid(21dbb3aabef1858499fb4fb9a4cf3cc3) Importer(815301076,1909f56bfc062723c751e8b465ee728b)  -> (artifact id: 'dc84827b93bea13203418f60784d5c3e') in 0.018689 seconds 
========================================================================
Received Import Request.
  Time since last request: 0.000029 seconds.
  path: Assets/Art/Pokemons/Back/32.png
  artifactKey: Guid(c80f6a2b97e576140bd0e4516532d4ed) Importer(815301076,1909f56bfc062723c751e8b465ee728b)
Start importing Assets/Art/Pokemons/Back/32.png using Guid(c80f6a2b97e576140bd0e4516532d4ed) Importer(815301076,1909f56bfc062723c751e8b465ee728b)  -> (artifact id: 'fa1e3808e8f852503bea281d9e75fb95') in 0.022287 seconds 
========================================================================
Received Import Request.
  Time since last request: 0.000034 seconds.
  path: Assets/Art/Pokemons/Back/11.png
  artifactKey: Guid(c2c21fa288f6d604abdf2d0a99b735ef) Importer(815301076,1909f56bfc062723c751e8b465ee728b)
Start importing Assets/Art/Pokemons/Back/11.png using Guid(c2c21fa288f6d604abdf2d0a99b735ef) Importer(815301076,1909f56bfc062723c751e8b465ee728b)  -> (artifact id: 'ffd0bc6338a11eb612371a253dcb8683') in 0.017737 seconds 
========================================================================
Received Import Request.
  Time since last request: 0.000036 seconds.
  path: Assets/Art/Pokemons/Back/16.png
  artifactKey: Guid(03e3961fe529bcf49ba9c049c4226a60) Importer(815301076,1909f56bfc062723c751e8b465ee728b)
Start importing Assets/Art/Pokemons/Back/16.png using Guid(03e3961fe529bcf49ba9c049c4226a60) Importer(815301076,1909f56bfc062723c751e8b465ee728b)  -> (artifact id: '9552f0ecaa8e08ce109602aa14557949') in 0.019922 seconds 
========================================================================
Received Import Request.
  Time since last request: 0.000029 seconds.
  path: Assets/Art/Pokemons/Back/27.png
  artifactKey: Guid(62deefa3c7f270a49b297b4b3816fa3e) Importer(815301076,1909f56bfc062723c751e8b465ee728b)
Start importing Assets/Art/Pokemons/Back/27.png using Guid(62deefa3c7f270a49b297b4b3816fa3e) Importer(815301076,1909f56bfc062723c751e8b465ee728b)  -> (artifact id: 'f476c93435add4f8a7745844df7b887d') in 0.018079 seconds 
========================================================================
Received Import Request.
  Time since last request: 0.000030 seconds.
  path: Assets/Art/Pokemons/Back/30.png
  artifactKey: Guid(97dcad3b15b0a974c9d09331e82eeedc) Importer(815301076,1909f56bfc062723c751e8b465ee728b)
Start importing Assets/Art/Pokemons/Back/30.png using Guid(97dcad3b15b0a974c9d09331e82eeedc) Importer(815301076,1909f56bfc062723c751e8b465ee728b)  -> (artifact id: 'd43fcbdd0f2d0aa5a1b070fd3025a9d6') in 0.017834 seconds 
========================================================================
Received Import Request.
  Time since last request: 7.906854 seconds.
  path: Assets/Art/Pokemons/Front/3.png
  artifactKey: Guid(843823c80be1fe244945120519a22e53) Importer(815301076,1909f56bfc062723c751e8b465ee728b)
Start importing Assets/Art/Pokemons/Front/3.png using Guid(843823c80be1fe244945120519a22e53) Importer(815301076,1909f56bfc062723c751e8b465ee728b)  -> (artifact id: 'de9942491ebdfa763cf5be9575621872') in 0.018452 seconds 
========================================================================
Received Import Request.
  Time since last request: 0.000027 seconds.
  path: Assets/Art/Pokemons/Front/6.png
  artifactKey: Guid(d819d29c71518d340b52028b17af51c2) Importer(815301076,1909f56bfc062723c751e8b465ee728b)
Start importing Assets/Art/Pokemons/Front/6.png using Guid(d819d29c71518d340b52028b17af51c2) Importer(815301076,1909f56bfc062723c751e8b465ee728b)  -> (artifact id: '935ce7498503c2b63dc550b4259e9977') in 0.015435 seconds 
========================================================================
Received Import Request.
  Time since last request: 0.000023 seconds.
  path: Assets/Art/Pokemons/Front/16.png
  artifactKey: Guid(9cc8a3a2c05e09740a734d32569f918e) Importer(815301076,1909f56bfc062723c751e8b465ee728b)
Start importing Assets/Art/Pokemons/Front/16.png using Guid(9cc8a3a2c05e09740a734d32569f918e) Importer(815301076,1909f56bfc062723c751e8b465ee728b)  -> (artifact id: '9d9bb121763fe2c281d9e0532f8781df') in 0.022644 seconds 
========================================================================
Received Import Request.
  Time since last request: 0.000020 seconds.
  path: Assets/Art/Pokemons/Front/30.png
  artifactKey: Guid(15443d665bd19a542ab75a8f93d079fe) Importer(815301076,1909f56bfc062723c751e8b465ee728b)
Start importing Assets/Art/Pokemons/Front/30.png using Guid(15443d665bd19a542ab75a8f93d079fe) Importer(815301076,1909f56bfc062723c751e8b465ee728b)  -> (artifact id: 'babfba01124a223104de8f035cd30ebd') in 0.026665 seconds 
========================================================================
Received Import Request.
  Time since last request: 0.000032 seconds.
  path: Assets/Art/Pokemons/Front/17.png
  artifactKey: Guid(87f228d804d7ab841a2c9e9d0674759b) Importer(815301076,1909f56bfc062723c751e8b465ee728b)
Start importing Assets/Art/Pokemons/Front/17.png using Guid(87f228d804d7ab841a2c9e9d0674759b) Importer(815301076,1909f56bfc062723c751e8b465ee728b)  -> (artifact id: 'a8df2ef1734276ab7a1f7daf4869b55f') in 0.021181 seconds 
========================================================================
Received Import Request.
  Time since last request: 0.000028 seconds.
  path: Assets/Art/Pokemons/Front/14.png
  artifactKey: Guid(307dc75832c1ea942b24875d8db12e08) Importer(815301076,1909f56bfc062723c751e8b465ee728b)
Start importing Assets/Art/Pokemons/Front/14.png using Guid(307dc75832c1ea942b24875d8db12e08) Importer(815301076,1909f56bfc062723c751e8b465ee728b)  -> (artifact id: '3dae5da43d23ffff1420a16ede1b9e34') in 0.016688 seconds 
========================================================================
Received Import Request.
  Time since last request: 0.000027 seconds.
  path: Assets/Art/Pokemons/Front/33.png
  artifactKey: Guid(5194dc1a671799f40b46b51b89d48bf9) Importer(815301076,1909f56bfc062723c751e8b465ee728b)
Start importing Assets/Art/Pokemons/Front/33.png using Guid(5194dc1a671799f40b46b51b89d48bf9) Importer(815301076,1909f56bfc062723c751e8b465ee728b)  -> (artifact id: 'd6ae858f3e7fd8a76b143ccc70b935be') in 0.017160 seconds 
========================================================================
Received Import Request.
  Time since last request: 0.000046 seconds.
  path: Assets/Art/Pokemons/Front/26.png
  artifactKey: Guid(de7e95547bd87ed4fa3853caa389ad4b) Importer(815301076,1909f56bfc062723c751e8b465ee728b)
Start importing Assets/Art/Pokemons/Front/26.png using Guid(de7e95547bd87ed4fa3853caa389ad4b) Importer(815301076,1909f56bfc062723c751e8b465ee728b)  -> (artifact id: 'f73d199749253a998618934bef657ce3') in 0.017095 seconds 
========================================================================
Received Import Request.
  Time since last request: 0.000036 seconds.
  path: Assets/Art/Pokemons/Front/24.png
  artifactKey: Guid(9e7a5c3f884daa443a47d9c6533e0737) Importer(815301076,1909f56bfc062723c751e8b465ee728b)
Start importing Assets/Art/Pokemons/Front/24.png using Guid(9e7a5c3f884daa443a47d9c6533e0737) Importer(815301076,1909f56bfc062723c751e8b465ee728b)  -> (artifact id: '9e5d32782ae48f90f1192702d4ce96f6') in 0.024785 seconds 
========================================================================
Received Import Request.
  Time since last request: 0.000031 seconds.
  path: Assets/Art/Pokemons/Front/9.png
  artifactKey: Guid(163cdf30ffc80c34d918ea83ab5e762f) Importer(815301076,1909f56bfc062723c751e8b465ee728b)
Start importing Assets/Art/Pokemons/Front/9.png using Guid(163cdf30ffc80c34d918ea83ab5e762f) Importer(815301076,1909f56bfc062723c751e8b465ee728b)  -> (artifact id: '66dbe910ac6b1a6bda89394de38735fe') in 0.020751 seconds 
========================================================================
Received Import Request.
  Time since last request: 736.960207 seconds.
  path: Assets/Art/Pokemons/Front/1.png
  artifactKey: Guid(0f37bf3cf5680a64d863b5f155b2a597) Importer(815301076,1909f56bfc062723c751e8b465ee728b)
Start importing Assets/Art/Pokemons/Front/1.png using Guid(0f37bf3cf5680a64d863b5f155b2a597) Importer(815301076,1909f56bfc062723c751e8b465ee728b)  -> (artifact id: '44fd4b0ca54ef3b32fbb26aac5918a27') in 0.027841 seconds 
========================================================================
Received Import Request.
  Time since last request: 0.000037 seconds.
  path: Assets/Art/Pokemons/Front/12.png
  artifactKey: Guid(f891b534e1711bc4c8871569c3b47cbf) Importer(815301076,1909f56bfc062723c751e8b465ee728b)
Start importing Assets/Art/Pokemons/Front/12.png using Guid(f891b534e1711bc4c8871569c3b47cbf) Importer(815301076,1909f56bfc062723c751e8b465ee728b)  -> (artifact id: '984423253b603f32a298b7bcd9f22e4e') in 0.030285 seconds 
========================================================================
Received Import Request.
  Time since last request: 0.000028 seconds.
  path: Assets/Art/Pokemons/Front/15.png
  artifactKey: Guid(1297ba48bbdca4f4c83c3fa1528f046b) Importer(815301076,1909f56bfc062723c751e8b465ee728b)
Start importing Assets/Art/Pokemons/Front/15.png using Guid(1297ba48bbdca4f4c83c3fa1528f046b) Importer(815301076,1909f56bfc062723c751e8b465ee728b)  -> (artifact id: 'cd229dacff22289977a20d02ce91b57c') in 0.022446 seconds 
========================================================================
Received Import Request.
  Time since last request: 0.000037 seconds.
  path: Assets/Art/Pokemons/Front/30.png
  artifactKey: Guid(15443d665bd19a542ab75a8f93d079fe) Importer(815301076,1909f56bfc062723c751e8b465ee728b)
Start importing Assets/Art/Pokemons/Front/30.png using Guid(15443d665bd19a542ab75a8f93d079fe) Importer(815301076,1909f56bfc062723c751e8b465ee728b)  -> (artifact id: 'd0fd37826c66d0ba8268eab8aeda41fa') in 0.025805 seconds 
========================================================================
Received Import Request.
  Time since last request: 0.000048 seconds.
  path: Assets/Art/Pokemons/Front/19.png
  artifactKey: Guid(8a6699ed39126c34d84046f2c8b5d410) Importer(815301076,1909f56bfc062723c751e8b465ee728b)
Start importing Assets/Art/Pokemons/Front/19.png using Guid(8a6699ed39126c34d84046f2c8b5d410) Importer(815301076,1909f56bfc062723c751e8b465ee728b)  -> (artifact id: 'c954d8772108c946d33babf65f3a2e67') in 0.023754 seconds 
========================================================================
Received Import Request.
  Time since last request: 0.000033 seconds.
  path: Assets/Art/Pokemons/Front/20.png
  artifactKey: Guid(38c7b8d73a0375d488d69f02d21cf762) Importer(815301076,1909f56bfc062723c751e8b465ee728b)
Start importing Assets/Art/Pokemons/Front/20.png using Guid(38c7b8d73a0375d488d69f02d21cf762) Importer(815301076,1909f56bfc062723c751e8b465ee728b)  -> (artifact id: 'e636cb1bac61bcb4cb589d8a162935d7') in 0.017438 seconds 
========================================================================
Received Import Request.
  Time since last request: 0.000041 seconds.
  path: Assets/Art/Pokemons/Front/14.png
  artifactKey: Guid(307dc75832c1ea942b24875d8db12e08) Importer(815301076,1909f56bfc062723c751e8b465ee728b)
Start importing Assets/Art/Pokemons/Front/14.png using Guid(307dc75832c1ea942b24875d8db12e08) Importer(815301076,1909f56bfc062723c751e8b465ee728b)  -> (artifact id: '17a0bb0561f201892d5d931ba482c6ff') in 0.025884 seconds 
========================================================================
Received Import Request.
  Time since last request: 0.000037 seconds.
  path: Assets/Art/Pokemons/Front/13.png
  artifactKey: Guid(1ba01cf8090f29a4b89dfae8e9b10102) Importer(815301076,1909f56bfc062723c751e8b465ee728b)
Start importing Assets/Art/Pokemons/Front/13.png using Guid(1ba01cf8090f29a4b89dfae8e9b10102) Importer(815301076,1909f56bfc062723c751e8b465ee728b)  -> (artifact id: '8a27118ca9f8213966088722f769fd47') in 0.023364 seconds 
========================================================================
Received Import Request.
  Time since last request: 0.000031 seconds.
  path: Assets/Art/Pokemons/Front/29.png
  artifactKey: Guid(326d6866014a6fb4aacaf22f0c93a2bb) Importer(815301076,1909f56bfc062723c751e8b465ee728b)
Start importing Assets/Art/Pokemons/Front/29.png using Guid(326d6866014a6fb4aacaf22f0c93a2bb) Importer(815301076,1909f56bfc062723c751e8b465ee728b)  -> (artifact id: '94eb8df6dccad203b5510d56bd42eec6') in 0.017076 seconds 
========================================================================
Received Import Request.
  Time since last request: 0.000031 seconds.
  path: Assets/Art/Pokemons/Front/27.png
  artifactKey: Guid(f64927a049ed5af4596a7e6d7159b71a) Importer(815301076,1909f56bfc062723c751e8b465ee728b)
Start importing Assets/Art/Pokemons/Front/27.png using Guid(f64927a049ed5af4596a7e6d7159b71a) Importer(815301076,1909f56bfc062723c751e8b465ee728b)  -> (artifact id: '75fb166dd7de8b4fa8f166ac1895d77c') in 0.023892 seconds 
========================================================================
Received Import Request.
  Time since last request: 0.000036 seconds.
  path: Assets/Art/Pokemons/Front/2.png
  artifactKey: Guid(179bd38ab997c7440844309bc52e708a) Importer(815301076,1909f56bfc062723c751e8b465ee728b)
Start importing Assets/Art/Pokemons/Front/2.png using Guid(179bd38ab997c7440844309bc52e708a) Importer(815301076,1909f56bfc062723c751e8b465ee728b)  -> (artifact id: '0b1b929a771d41b3fe660d3d20e47a2a') in 0.015528 seconds 
========================================================================
Received Import Request.
  Time since last request: 0.000035 seconds.
  path: Assets/Art/Pokemons/Front/28.png
  artifactKey: Guid(9b2353cb0d8a8e44e8d7ad7748633cc0) Importer(815301076,1909f56bfc062723c751e8b465ee728b)
Start importing Assets/Art/Pokemons/Front/28.png using Guid(9b2353cb0d8a8e44e8d7ad7748633cc0) Importer(815301076,1909f56bfc062723c751e8b465ee728b)  -> (artifact id: '88bca4b089d4014592af0d661b3568c9') in 0.015140 seconds 
========================================================================
Received Import Request.
  Time since last request: 0.000027 seconds.
  path: Assets/Art/Pokemons/Front/24.png
  artifactKey: Guid(9e7a5c3f884daa443a47d9c6533e0737) Importer(815301076,1909f56bfc062723c751e8b465ee728b)
Start importing Assets/Art/Pokemons/Front/24.png using Guid(9e7a5c3f884daa443a47d9c6533e0737) Importer(815301076,1909f56bfc062723c751e8b465ee728b)  -> (artifact id: '99040b0b76ed27dca008116c3b4f1525') in 0.016330 seconds 
========================================================================
Received Import Request.
  Time since last request: 0.000045 seconds.
  path: Assets/Art/Pokemons/Front/18.png
  artifactKey: Guid(1320b24e2a0567c408e7422dc8e6baa9) Importer(815301076,1909f56bfc062723c751e8b465ee728b)
Start importing Assets/Art/Pokemons/Front/18.png using Guid(1320b24e2a0567c408e7422dc8e6baa9) Importer(815301076,1909f56bfc062723c751e8b465ee728b)  -> (artifact id: 'e71cc97061eac8baae7c80544dbd4eed') in 0.016445 seconds 
========================================================================
Received Import Request.
  Time since last request: 0.000049 seconds.
  path: Assets/Art/Pokemons/Front/7.png
  artifactKey: Guid(818cf159951cf9a4e8e810b2bbab4096) Importer(815301076,1909f56bfc062723c751e8b465ee728b)
Start importing Assets/Art/Pokemons/Front/7.png using Guid(818cf159951cf9a4e8e810b2bbab4096) Importer(815301076,1909f56bfc062723c751e8b465ee728b)  -> (artifact id: '3fb3cbfccadb7f3b3c94ac2578f33cab') in 0.015100 seconds 
========================================================================
Received Import Request.
  Time since last request: 0.000035 seconds.
  path: Assets/Art/Pokemons/Front/32.png
  artifactKey: Guid(497f30e67db9a814e81ecbee31be1941) Importer(815301076,1909f56bfc062723c751e8b465ee728b)
Start importing Assets/Art/Pokemons/Front/32.png using Guid(497f30e67db9a814e81ecbee31be1941) Importer(815301076,1909f56bfc062723c751e8b465ee728b)  -> (artifact id: 'fa4e3b9c304b06036d6af57fd7a1ce6d') in 0.014759 seconds 
Editor requested this worker to shutdown with reason: Scaling down because of idle timeout
AssetImportWorker is now disconnected from the server
Process exiting
Exiting without the bug reporter. Application will terminate with return code 0